{
  "stats": {
    "suites": 0,
    "tests": 16,
    "passes": 16,
    "pending": 0,
    "failures": 0,
    "start": "2025-10-05T23:26:04.263Z",
    "end": "2025-10-05T23:26:44.927Z",
    "duration": 40664,
    "testsRegistered": 16,
    "passPercent": 100,
    "pendingPercent": 0,
    "other": 0,
    "hasOther": false,
    "skipped": 0,
    "hasSkipped": false
  },
  "results": [
    {
      "uuid": "84469c22-37a7-435a-baec-dc7e95bd1f90",
      "title": "",
      "fullFile": "",
      "file": "/home/runner/work/graphql_EBAC/graphql_EBAC/test/API/categories.test.js",
      "beforeHooks": [
        {
          "title": "\"before all\" hook in \"{root}\"",
          "fullTitle": "\"before all\" hook in \"{root}\"",
          "timedOut": false,
          "duration": 2,
          "state": null,
          "speed": null,
          "pass": false,
          "fail": false,
          "pending": false,
          "context": null,
          "code": "addFlowReporter();\nawait mock.start(4000);",
          "err": {},
          "uuid": "68963713-8d5d-4d04-8b06-e47484071530",
          "parentUUID": "84469c22-37a7-435a-baec-dc7e95bd1f90",
          "isHook": true,
          "skipped": false
        },
        {
          "title": "\"before all\" hook in \"{root}\"",
          "fullTitle": "\"before all\" hook in \"{root}\"",
          "timedOut": false,
          "duration": 947,
          "state": null,
          "speed": null,
          "pass": false,
          "fail": false,
          "pending": false,
          "context": null,
          "code": "addFlowReporter();\n    token = await flow('Login')\n        .post('http://lojaebac.ebaconline.art.br/public/authUser')\n        .withBody({\n            email: \"admin@admin\",\n            password: \"admin123\"\n        })\n        .returns('data.token');",
          "err": {},
          "uuid": "d3222de2-e87c-4066-9624-2dc058c1391c",
          "parentUUID": "84469c22-37a7-435a-baec-dc7e95bd1f90",
          "isHook": true,
          "skipped": false
        },
        {
          "title": "\"before all\" hook in \"{root}\"",
          "fullTitle": "\"before all\" hook in \"{root}\"",
          "timedOut": false,
          "duration": 0,
          "state": null,
          "speed": null,
          "pass": false,
          "fail": false,
          "pending": false,
          "context": null,
          "code": "addFlowReporter();\nawait mock.start(4000);",
          "err": {},
          "uuid": "99fc0771-25ee-4217-8763-13336b46335f",
          "parentUUID": "84469c22-37a7-435a-baec-dc7e95bd1f90",
          "isHook": true,
          "skipped": false
        },
        {
          "title": "\"before all\" hook in \"{root}\"",
          "fullTitle": "\"before all\" hook in \"{root}\"",
          "timedOut": false,
          "duration": 474,
          "state": null,
          "speed": null,
          "pass": false,
          "fail": false,
          "pending": false,
          "context": null,
          "code": "addFlowReporter();\n    token = await flow('Login')\n        .post('http://lojaebac.ebaconline.art.br/public/authUser')\n        .withBody({\n            email: \"admin@admin\",\n            password: \"admin123\"\n        })\n        .returns('data.token');",
          "err": {},
          "uuid": "902f34ab-2257-4276-bca6-68a3dd4579b6",
          "parentUUID": "84469c22-37a7-435a-baec-dc7e95bd1f90",
          "isHook": true,
          "skipped": false
        },
        {
          "title": "\"before each\" hook in \"{root}\"",
          "fullTitle": "\"before each\" hook in \"{root}\"",
          "timedOut": false,
          "duration": 632,
          "state": null,
          "speed": null,
          "pass": false,
          "fail": false,
          "pending": false,
          "context": null,
          "code": "token = await spec()\n        .post('http://lojaebac.ebaconline.art.br/public/authUser')\n        .withJson({\n            \"email\": \"admin@admin\",\n            \"password\": \"admin123\"\n        })\n        .returns('data.token')",
          "err": {},
          "uuid": "e6ab76b8-e929-4750-8b6b-f67a77f87c8c",
          "parentUUID": "84469c22-37a7-435a-baec-dc7e95bd1f90",
          "isHook": true,
          "skipped": false
        },
        {
          "title": "\"before each\" hook in \"{root}\"",
          "fullTitle": "\"before each\" hook in \"{root}\"",
          "timedOut": false,
          "duration": 489,
          "state": null,
          "speed": null,
          "pass": false,
          "fail": false,
          "pending": false,
          "context": null,
          "code": "token = await spec()\n        .post('http://lojaebac.ebaconline.art.br/public/authUser')\n        .withJson({\n            \"email\": \"admin@admin\",\n            \"password\": \"admin123\"\n        })\n        .returns('data.token')",
          "err": {},
          "uuid": "540b1854-87e0-40e2-b761-48a38c61ad20",
          "parentUUID": "84469c22-37a7-435a-baec-dc7e95bd1f90",
          "isHook": true,
          "skipped": false
        },
        {
          "title": "\"before each\" hook in \"{root}\"",
          "fullTitle": "\"before each\" hook in \"{root}\"",
          "timedOut": false,
          "duration": 1,
          "state": null,
          "speed": null,
          "pass": false,
          "fail": false,
          "pending": false,
          "context": null,
          "code": "token = await flow('Login')\n        .useInteraction('Login response')\n        .post('http://localhost:4000/public/authUser')\n        .withJson({\n            \"email\": \"admin@admin.com\",\n            \"password\": \"admin123\"\n        })\n        .returns('data.token')",
          "err": {},
          "uuid": "7e38e02f-4f6d-40ed-8e79-71157512c0c3",
          "parentUUID": "84469c22-37a7-435a-baec-dc7e95bd1f90",
          "isHook": true,
          "skipped": false
        },
        {
          "title": "\"before each\" hook in \"{root}\"",
          "fullTitle": "\"before each\" hook in \"{root}\"",
          "timedOut": false,
          "duration": 1,
          "state": null,
          "speed": null,
          "pass": false,
          "fail": false,
          "pending": false,
          "context": null,
          "code": "token = await flow('Login')\n        .useInteraction('Login response')\n        .post('http://localhost:4000/public/authUser')\n        .withJson({\n            \"email\": \"admin@admin.com\",\n            \"password\": \"admin123\"\n        })\n        .returns('data.token')",
          "err": {},
          "uuid": "641e0529-556d-43c2-acaa-3205aceb390b",
          "parentUUID": "84469c22-37a7-435a-baec-dc7e95bd1f90",
          "isHook": true,
          "skipped": false
        },
        {
          "title": "\"before each\" hook in \"{root}\"",
          "fullTitle": "\"before each\" hook in \"{root}\"",
          "timedOut": false,
          "duration": 635,
          "state": null,
          "speed": null,
          "pass": false,
          "fail": false,
          "pending": false,
          "context": null,
          "code": "token = await spec()\n        .post('http://lojaebac.ebaconline.art.br/graphql')\n        .withGraphQLQuery(`\n            mutation AuthUser($email: String, $password: String) {\n                authUser(email: $email, password: $password) {\n                success\n                token\n            }\n         }           \n    `)\n        .withGraphQLVariables({\n            \"email\": \"admin@admin.com\",\n            \"password\": \"admin123\"\n        })\n        .returns('data.authUser.token')",
          "err": {},
          "uuid": "32695b25-0d63-45a5-b295-ce62325cf1ef",
          "parentUUID": "84469c22-37a7-435a-baec-dc7e95bd1f90",
          "isHook": true,
          "skipped": false
        },
        {
          "title": "\"before each\" hook in \"{root}\"",
          "fullTitle": "\"before each\" hook in \"{root}\"",
          "timedOut": false,
          "duration": 490,
          "state": null,
          "speed": null,
          "pass": false,
          "fail": false,
          "pending": false,
          "context": null,
          "code": "token = await spec()\n        .post('http://lojaebac.ebaconline.art.br/graphql')\n        .withGraphQLQuery(`\n            mutation AuthUser($email: String, $password: String) {\n                authUser(email: $email, password: $password) {\n                success\n                token\n            }\n         }           \n    `)\n        .withGraphQLVariables({\n            \"email\": \"admin@admin.com\",\n            \"password\": \"admin123\"\n        })\n        .returns('data.authUser.token')",
          "err": {},
          "uuid": "ab200758-3f75-42a6-bd64-efa539e46227",
          "parentUUID": "84469c22-37a7-435a-baec-dc7e95bd1f90",
          "isHook": true,
          "skipped": false
        }
      ],
      "afterHooks": [
        {
          "title": "\"after all\" hook in \"{root}\"",
          "fullTitle": "\"after all\" hook in \"{root}\"",
          "timedOut": false,
          "duration": 1,
          "state": null,
          "speed": null,
          "pass": false,
          "fail": false,
          "pending": false,
          "context": null,
          "code": "await mock.stop();",
          "err": {},
          "uuid": "6d8b1f72-dc42-4441-b75f-cbf9717e924a",
          "parentUUID": "84469c22-37a7-435a-baec-dc7e95bd1f90",
          "isHook": true,
          "skipped": false
        },
        {
          "title": "\"after all\" hook in \"{root}\"",
          "fullTitle": "\"after all\" hook in \"{root}\"",
          "timedOut": false,
          "duration": 0,
          "state": null,
          "speed": null,
          "pass": false,
          "fail": false,
          "pending": false,
          "context": null,
          "code": "await mock.stop();",
          "err": {},
          "uuid": "ce992d05-75da-41fe-b2fa-56e8f9923cb3",
          "parentUUID": "84469c22-37a7-435a-baec-dc7e95bd1f90",
          "isHook": true,
          "skipped": false
        }
      ],
      "tests": [
        {
          "title": "API - Should add a category",
          "fullTitle": "API - Should add a category",
          "timedOut": false,
          "duration": 174,
          "state": "passed",
          "speed": "slow",
          "pass": true,
          "fail": false,
          "pending": false,
          "context": null,
          "code": "const newCategory = faker.lorem.word(6)\n    await spec()\n        .post('http://lojaebac.ebaconline.art.br/api/addCategory')\n        .withHeaders('Authorization', token)\n        .withJson({\n            \"name\": newCategory,\n            \"photo\": 'https://www.zipmaster.com/wp-content/uploads/2024/04/Zippy-Tool-In-Use-1-768x768.jpg'\n        })\n        .expectStatus(200)\n        .expectJson('success', true);",
          "err": {},
          "uuid": "5aecc342-b81e-4c97-ac7d-459a20b1aa71",
          "parentUUID": "84469c22-37a7-435a-baec-dc7e95bd1f90",
          "isHook": false,
          "skipped": false
        },
        {
          "title": "API - Should delete a category",
          "fullTitle": "API - Should delete a category",
          "timedOut": false,
          "duration": 717,
          "state": "passed",
          "speed": "slow",
          "pass": true,
          "fail": false,
          "pending": false,
          "context": null,
          "code": "// Pegando o id do segundo produto da lista para poder deletar\n    id = await spec()\n        .get('http://lojaebac.ebaconline.art.br/public/getCategories')\n        .withHeaders('Authorization', token)\n        .returns('categories[1]._id')\n    await spec()\n        .delete(`http://lojaebac.ebaconline.art.br/api/deleteCategory/${id}`)\n        .withHeaders('Authorization', token)\n        .expectStatus(200)\n        .expectJson('success', true);",
          "err": {},
          "uuid": "d5235a2b-729a-4984-9d2d-cd4a919a5119",
          "parentUUID": "84469c22-37a7-435a-baec-dc7e95bd1f90",
          "isHook": false,
          "skipped": false
        },
        {
          "title": "API - Should edit a category",
          "fullTitle": "API - Should edit a category",
          "timedOut": false,
          "duration": 702,
          "state": "passed",
          "speed": "slow",
          "pass": true,
          "fail": false,
          "pending": false,
          "context": null,
          "code": "const newCategory = faker.lorem.word()\n    // Pegando o id do terceiro produto da lista para poder editar\n    id = await spec()\n        .get('http://lojaebac.ebaconline.art.br/public/getCategories')\n        .withHeaders('Authorization', token)\n        .returns('categories[2]._id')\n    await spec()\n        .put(`http://lojaebac.ebaconline.art.br/api/editCategory/${id}`)\n        .withHeaders('Authorization', token)\n        .withJson({\n            \"name\": newCategory,\n            \"photo\": null\n        })\n        .expectStatus(200)\n        .expectJson('success', true)",
          "err": {},
          "uuid": "ad1aa3ad-fc8b-41d1-b2c2-e655390d7885",
          "parentUUID": "84469c22-37a7-435a-baec-dc7e95bd1f90",
          "isHook": false,
          "skipped": false
        },
        {
          "title": "API - Should add a product",
          "fullTitle": "API - Should add a product",
          "timedOut": false,
          "duration": 174,
          "state": "passed",
          "speed": "slow",
          "pass": true,
          "fail": false,
          "pending": false,
          "context": null,
          "code": "const productName = faker.commerce.product()\n    const productPrice = faker.commerce.price()\n    await spec()\n        .post('http://lojaebac.ebaconline.art.br/api/addProduct')\n        .withHeaders('Authorization', token)\n        .withJson({\n            \"name\": productName,\n            \"price\": productPrice,\n            \"quantity\": 1\n        })\n        .expectStatus(200)\n        .expectJson('success', true);",
          "err": {},
          "uuid": "f26848ce-971d-4e57-a1f2-d9111bf92362",
          "parentUUID": "84469c22-37a7-435a-baec-dc7e95bd1f90",
          "isHook": false,
          "skipped": false
        },
        {
          "title": "API - Should delete a product",
          "fullTitle": "API - Should delete a product",
          "timedOut": false,
          "duration": 1042,
          "state": "passed",
          "speed": "slow",
          "pass": true,
          "fail": false,
          "pending": false,
          "context": null,
          "code": "// Pegando o id do segundo produto da lista para poder deletar\n    id = await spec()\n        .get('http://lojaebac.ebaconline.art.br/public/getProducts')\n        .withHeaders('Authorization', token)\n        .returns('products[1]._id')\n    await spec()\n        .delete(`http://lojaebac.ebaconline.art.br/api/deleteProduct/${id}`)\n        .withHeaders('Authorization', token)\n        .expectStatus(200)\n        .expectJson('success', true);",
          "err": {},
          "uuid": "5985384a-9197-473c-ad29-8bc9977dd1a7",
          "parentUUID": "84469c22-37a7-435a-baec-dc7e95bd1f90",
          "isHook": false,
          "skipped": false
        },
        {
          "title": "API - Should edit a product",
          "fullTitle": "API - Should edit a product",
          "timedOut": false,
          "duration": 810,
          "state": "passed",
          "speed": "slow",
          "pass": true,
          "fail": false,
          "pending": false,
          "context": null,
          "code": "const productName = faker.commerce.product()\n    const productPrice = faker.commerce.price()\n    // Pegando o id do terceiro produto da lista para poder editar\n    id = await spec()\n        .get('http://lojaebac.ebaconline.art.br/public/getProducts')\n        .withHeaders('Authorization', token)\n        .returns('products[2]._id')\n    await spec()\n        .put(`http://lojaebac.ebaconline.art.br/api/editProduct/${id}`)\n        .withHeaders('Authorization', token)\n        .withJson({\n            \"name\": productName,\n            \"price\": productPrice,\n            \"quantity\": 1000\n        })\n        .expectStatus(200)\n        .expectJson('success', true)",
          "err": {},
          "uuid": "1c505c10-b82e-48e9-86db-b62859f68e36",
          "parentUUID": "84469c22-37a7-435a-baec-dc7e95bd1f90",
          "isHook": false,
          "skipped": false
        },
        {
          "title": "FRONT - Should add a category",
          "fullTitle": "FRONT - Should add a category",
          "timedOut": false,
          "duration": 2,
          "state": "passed",
          "speed": "fast",
          "pass": true,
          "fail": false,
          "pending": false,
          "context": null,
          "code": "await flow('Add category')\n        .useInteraction('Add category response')\n        .post('http://localhost:4000/api/addCategory')\n        .withHeaders('Authorization', token)\n        .withJson({\n            \"name\": newCategory,\n            \"photo\": 'https://www.zipmaster.com/wp-content/uploads/2024/04/Zippy-Tool-In-Use-1-768x768.jpg'\n        })\n        .expectStatus(200)\n        .expectJson('success', true);",
          "err": {},
          "uuid": "70451181-daba-4437-9ca2-6cc7f028baf4",
          "parentUUID": "84469c22-37a7-435a-baec-dc7e95bd1f90",
          "isHook": false,
          "skipped": false
        },
        {
          "title": "API - Should add a category",
          "fullTitle": "API - Should add a category",
          "timedOut": false,
          "duration": 251,
          "state": "passed",
          "speed": "slow",
          "pass": true,
          "fail": false,
          "pending": false,
          "context": null,
          "code": "const newCategory = faker.lorem.word()\n    await flow('Add category')\n        .post('http://lojaebac.ebaconline.art.br/api/addCategory')\n        .withHeaders('Authorization', token)\n        .withJson({\n            \"name\": newCategory,\n            \"photo\": 'https://www.zipmaster.com/wp-content/uploads/2024/04/Zippy-Tool-In-Use-1-768x768.jpg'\n        })\n        .expectStatus(200)\n        .expectJson('success', true);",
          "err": {},
          "uuid": "04b8f6bc-7277-4587-9f8b-79f19a9911a0",
          "parentUUID": "84469c22-37a7-435a-baec-dc7e95bd1f90",
          "isHook": false,
          "skipped": false
        },
        {
          "title": "FRONT - Should add a product",
          "fullTitle": "FRONT - Should add a product",
          "timedOut": false,
          "duration": 1,
          "state": "passed",
          "speed": "fast",
          "pass": true,
          "fail": false,
          "pending": false,
          "context": null,
          "code": "await flow('Add product')\n        .useInteraction('Add product response')\n        .post('http://localhost:4000/api/addProduct')\n        .withHeaders('Authorization', token)\n        .withJson({\n            \"name\": productName,\n            \"price\": 350.00,\n            \"quantity\": 1\n        })\n        .expectStatus(200)\n        .expectJson('success', true);",
          "err": {},
          "uuid": "d17883c4-abee-4a7f-872d-334082155032",
          "parentUUID": "84469c22-37a7-435a-baec-dc7e95bd1f90",
          "isHook": false,
          "skipped": false
        },
        {
          "title": "API - Should add a product",
          "fullTitle": "API - Should add a product",
          "timedOut": false,
          "duration": 254,
          "state": "passed",
          "speed": "slow",
          "pass": true,
          "fail": false,
          "pending": false,
          "context": null,
          "code": "const productName = faker.commerce.product();\n    await flow('Add product')\n        .post('http://lojaebac.ebaconline.art.br/api/addProduct')\n        .withHeaders('Authorization', token)\n        .withJson({\n            \"name\": productName,\n            \"price\": 350.00,\n            \"quantity\": 1\n        })\n        .expectStatus(200)\n        .expectJson('success', true);",
          "err": {},
          "uuid": "555de0d1-7e82-4831-ac14-ccec366a0614",
          "parentUUID": "84469c22-37a7-435a-baec-dc7e95bd1f90",
          "isHook": false,
          "skipped": false
        },
        {
          "title": "Should add a category in the list",
          "fullTitle": "Should add a category in the list",
          "timedOut": false,
          "duration": 276,
          "state": "passed",
          "speed": "slow",
          "pass": true,
          "fail": false,
          "pending": false,
          "context": null,
          "code": "await spec()\n        .post('http://lojaebac.ebaconline.art.br/graphql')\n        .withHeaders(\"Authorization\", token)\n        .withGraphQLQuery(`\n            mutation AddCategory($name: String, $photo: String) {\n                addCategory(name: $name, photo: $photo) {\n                name\n                photo\n            }\n         }      \n    `)\n        .withGraphQLVariables({\n            \"name\": \"Bags\",\n            \"photo\": \"https://www.zipmaster.com/wp-content/uploads/2022/04/Reusable-Cloth-Shopping-Bags-Rainbow-Pack-200-Case-Reusable-Bags-B26-061-3-1000x1000.jpg.webp\"\n        })\n        .returns('data._id')\n        .expectStatus(200)\n        .expectJsonMatch({\n            data: {\n                addCategory: {\n                    name: like(\"Bags\"),\n                    photo: like(\"https://www.zipmaster.com/wp-content/uploads/2022/04/Reusable-Cloth-Shopping-Bags-Rainbow-Pack-200-Case-Reusable-Bags-B26-061-3-1000x1000.jpg.webp\")\n                }\n            }\n        })",
          "err": {},
          "uuid": "7175a605-f712-499e-9bde-95844c145406",
          "parentUUID": "84469c22-37a7-435a-baec-dc7e95bd1f90",
          "isHook": false,
          "skipped": false
        },
        {
          "title": "Should delete a category",
          "fullTitle": "Should delete a category",
          "timedOut": false,
          "duration": 258,
          "state": "passed",
          "speed": "slow",
          "pass": true,
          "fail": false,
          "pending": false,
          "context": null,
          "code": "await spec()\n        .post('http://lojaebac.ebaconline.art.br/graphql')\n        .withHeaders(\"Authorization\", token)\n        .withGraphQLQuery(`\n        mutation DeleteCategory($deleteCategoryId: ID!) {\n            deleteCategory(id: $deleteCategoryId) {\n            name\n         }\n       }        \n    `)\n        .withGraphQLVariables({\n            \"deleteCategoryId\": \"66f835c6995b0c7c4e35b6da\"\n        })\n        .expectStatus(200)\n        .expectJsonMatch({\n            data: {\n                deleteCategory: {\n                    name: null \n                }\n            }\n        });",
          "err": {},
          "uuid": "53e51179-2309-4550-9240-1f6cbe4a75a1",
          "parentUUID": "84469c22-37a7-435a-baec-dc7e95bd1f90",
          "isHook": false,
          "skipped": false
        },
        {
          "title": "Should edit a category",
          "fullTitle": "Should edit a category",
          "timedOut": false,
          "duration": 252,
          "state": "passed",
          "speed": "slow",
          "pass": true,
          "fail": false,
          "pending": false,
          "context": null,
          "code": "await spec()\n        .post('http://lojaebac.ebaconline.art.br/graphql')\n        .withHeaders(\"Authorization\", token)\n        .withGraphQLQuery(`\n            mutation EditCategory($editCategoryId: ID!, $name: String, $photo: String) {\n                editCategory(id: $editCategoryId, name: $name, photo: $photo) {\n                name\n                photo\n            }\n        }\n    `)\n        .withGraphQLVariables({\n            \"editCategoryId\": \"66f5aced42524225170155b4\",\n            \"name\": `Viagens${Math.floor(Math.random() * 100)}`,\n            \"photo\": \"https://www.gstatic.com/webp/gallery/1.sm.webp\"\n        })\n        .expectStatus(200)\n        .expectJson({\n            data: {\n                editCategory: {\n                    name: null,  \n                    photo: null\n                }\n            }\n        })",
          "err": {},
          "uuid": "6d44ac15-9f60-4f67-a179-b84dd58bc673",
          "parentUUID": "84469c22-37a7-435a-baec-dc7e95bd1f90",
          "isHook": false,
          "skipped": false
        },
        {
          "title": "Should add a product",
          "fullTitle": "Should add a product",
          "timedOut": false,
          "duration": 403,
          "state": "passed",
          "speed": "slow",
          "pass": true,
          "fail": false,
          "pending": false,
          "context": null,
          "code": "await spec()\n        .post('http://lojaebac.ebaconline.art.br/graphql')\n        .withHeaders('Authorization', token)\n        .withGraphQLQuery(`\n            mutation AddProduct($name: String, $price: Float, $quantity: Float) {\n                addProduct(name: $name, price: $price, quantity: $quantity) {\n                name\n                price\n                quantity\n            }\n        }     \n    `)\n        .withGraphQLVariables({\n            \"name\": `Novo produto${Math.floor(Math.random() * 100)}`,\n            \"price\": 100.00,\n            \"quantity\": Math.floor(Math.random() * 100)\n        })\n        .expectStatus(200)\n        .expectBodyContains(\"name\", \"price\", \"quantity\")",
          "err": {},
          "uuid": "9728ce60-8893-4da1-99a7-eb4cac1f84d1",
          "parentUUID": "84469c22-37a7-435a-baec-dc7e95bd1f90",
          "isHook": false,
          "skipped": false
        },
        {
          "title": "Should delete a product",
          "fullTitle": "Should delete a product",
          "timedOut": false,
          "duration": 274,
          "state": "passed",
          "speed": "slow",
          "pass": true,
          "fail": false,
          "pending": false,
          "context": null,
          "code": "await spec()\n        .post('http://lojaebac.ebaconline.art.br/graphql')\n        .withHeaders('Authorization', token)\n        .withGraphQLQuery(`\n            mutation DeleteProduct($deleteProductId: ID!) {\n                deleteProduct(id: $deleteProductId) {\n                name\n            }\n        }\n    `)\n        .withGraphQLVariables({\n            \"deleteProductId\": \"66f8351f995b0c7c4e35b6ae\"\n        })\n        .expectStatus(200)\n        .expectJson({\n            data: {\n                deleteProduct: {\n                    name: null\n                }\n            }\n        })",
          "err": {},
          "uuid": "75dd0981-3238-4fb1-bfd4-c863daac1442",
          "parentUUID": "84469c22-37a7-435a-baec-dc7e95bd1f90",
          "isHook": false,
          "skipped": false
        },
        {
          "title": "Should edit a product",
          "fullTitle": "Should edit a product",
          "timedOut": false,
          "duration": 248,
          "state": "passed",
          "speed": "slow",
          "pass": true,
          "fail": false,
          "pending": false,
          "context": null,
          "code": "await spec()\n        .post('http://lojaebac.ebaconline.art.br/graphql')\n        .withHeaders('Authorization', token)\n        .withGraphQLQuery(`\n            mutation EditProduct($editProductId: ID!, $name: String, $price: Float, $quantity: Float) {\n                editProduct(id: $editProductId, name: $name, price: $price, quantity: $quantity) {\n                name\n                quantity\n            }\n        }\n    `)\n        .withGraphQLVariables({\n            \"editProductId\": \"66f562b242524225170151c6\",\n            \"name\": `Guitarra${Math.floor(Math.random() * 100)}`,\n            \"price\": 2.000,\n            \"quantity\": 500\n        })\n        .expectStatus(200)\n        .expectJson({\n            data: {\n                editProduct: {\n                    name: null,\n                    quantity: null\n                }\n            }\n        })",
          "err": {},
          "uuid": "e0d91152-9cdf-4d46-b472-1674889f75ca",
          "parentUUID": "84469c22-37a7-435a-baec-dc7e95bd1f90",
          "isHook": false,
          "skipped": false
        }
      ],
      "suites": [],
      "passes": [
        "5aecc342-b81e-4c97-ac7d-459a20b1aa71",
        "d5235a2b-729a-4984-9d2d-cd4a919a5119",
        "ad1aa3ad-fc8b-41d1-b2c2-e655390d7885",
        "f26848ce-971d-4e57-a1f2-d9111bf92362",
        "5985384a-9197-473c-ad29-8bc9977dd1a7",
        "1c505c10-b82e-48e9-86db-b62859f68e36",
        "70451181-daba-4437-9ca2-6cc7f028baf4",
        "04b8f6bc-7277-4587-9f8b-79f19a9911a0",
        "d17883c4-abee-4a7f-872d-334082155032",
        "555de0d1-7e82-4831-ac14-ccec366a0614",
        "7175a605-f712-499e-9bde-95844c145406",
        "53e51179-2309-4550-9240-1f6cbe4a75a1",
        "6d44ac15-9f60-4f67-a179-b84dd58bc673",
        "9728ce60-8893-4da1-99a7-eb4cac1f84d1",
        "75dd0981-3238-4fb1-bfd4-c863daac1442",
        "e0d91152-9cdf-4d46-b472-1674889f75ca"
      ],
      "failures": [],
      "pending": [],
      "skipped": [],
      "duration": 5838,
      "root": true,
      "rootEmpty": false,
      "_timeout": 2000
    }
  ],
  "meta": {
    "mocha": {
      "version": "11.7.2"
    },
    "mochawesome": {
      "options": {
        "quiet": false,
        "reportFilename": "mochawesome",
        "saveHtml": true,
        "saveJson": true,
        "consoleReporter": "spec",
        "useInlineDiffs": false,
        "code": true
      },
      "version": "7.1.4"
    },
    "marge": {
      "options": {
        "reportDir": "mochawesome-report",
        "overwrite": "false",
        "html": "true",
        "json": "true"
      },
      "version": "6.3.0"
    }
  }
}